<?xml version="1.0" encoding="UTF-8"?>
<!-- Generated by org.testng.reporters.JUnitReportReporter -->
<testsuite hostname="Sourabh" failures="0" tests="1" name="com.example.qa.test.LoginPageTest" time="2.314" errors="0" timestamp="2024-09-10T21:00:38 IST" skipped="0">
  <testcase classname="com.example.qa.test.LoginPageTest" name="validateWithValidUseridValidPasswordTest" time="2.314"/>
</testsuite> <!-- com.example.qa.test.LoginPageTest -->
