<?xml version="1.0" encoding="UTF-8"?>
<!-- Generated by org.testng.reporters.JUnitReportReporter -->
<testsuite hostname="Sourabh" failures="0" tests="1" name="com.example.qa.test.DepositPageTest" time="22.230" errors="0" timestamp="2024-01-27T18:17:36 IST" skipped="0">
  <testcase classname="com.example.qa.test.DepositPageTest" name="VarifyDepositPageOption" time="22.230"/>
</testsuite> <!-- com.example.qa.test.DepositPageTest -->
