<?xml version="1.0" encoding="UTF-8"?>
<!-- Generated by org.testng.reporters.JUnitReportReporter -->
<testsuite hostname="Sourabh" failures="0" tests="1" name="com.example.qa.test.CreateNewAccountPageTest" time="26.932" errors="0" timestamp="2024-01-27T18:17:36 IST" skipped="0">
  <testcase classname="com.example.qa.test.CreateNewAccountPageTest" name="VarifyCreateAccount" time="26.932"/>
</testsuite> <!-- com.example.qa.test.CreateNewAccountPageTest -->
