<?xml version="1.0" encoding="UTF-8"?>
<!-- Generated by org.testng.reporters.JUnitReportReporter -->
<testsuite hostname="Sourabh" failures="0" tests="1" name="com.example.qa.test.TransactionsPageTest" time="22.029" errors="0" timestamp="2024-09-10T21:01:14 IST" skipped="0">
  <testcase classname="com.example.qa.test.TransactionsPageTest" name="VarifyTransactionsPageOptionTest" time="22.029"/>
</testsuite> <!-- com.example.qa.test.TransactionsPageTest -->
