<?xml version="1.0" encoding="UTF-8"?>
<!-- Generated by org.testng.reporters.JUnitReportReporter -->
<testsuite hostname="Sourabh" failures="0" tests="1" name="com.example.qa.test.AnnouncementsPageTest" time="40.884" errors="0" timestamp="2024-09-10T20:29:08 IST" skipped="0">
  <testcase classname="com.example.qa.test.AnnouncementsPageTest" name="VerifyAnnouncementsPageOption" time="40.884"/>
</testsuite> <!-- com.example.qa.test.AnnouncementsPageTest -->
